# JRE version: OpenJDK Runtime Environment (17.0.1+12) (build 17.0.1+12-39)
# Java VM: OpenJDK 64-Bit Server VM (17.0.1+12-39, mixed mode, sharing, tiered, compressed oops, compressed class ptrs, g1 gc, windows-amd64)
GC Precious Log:
 CPUs: 12 total, 12 available
 Memory: 16225M
 Large Page Support: Disabled
 NUMA Support: Disabled
 Compressed Oops: Enabled (32-bit)
 Heap Region Size: 1M
 Heap Min Capacity: 256M
 Heap Initial Capacity: 256M
 Heap Max Capacity: 512M
 Pre-touch: Disabled
 Parallel Workers: 10
 Concurrent Workers: 3
 Concurrent Refinement Workers: 10
 Periodic GC: Disabled
Heap:
 garbage-first heap   total 262144K, used 158720K [0x00000000e0000000, 0x0000000100000000)
  region size 1024K, 65 young (66560K), 13 survivors (13312K)
 Metaspace       used 50675K, committed 51328K, reserved 262144K
  class space    used 7168K, committed 7424K, reserved 212992K
GC Heap History (10 events):
Event: 5.249 GC heap before
{Heap before GC invocations=0 (full 0):
 garbage-first heap   total 262144K, used 28672K [0x00000000e0000000, 0x0000000100000000)
  region size 1024K, 23 young (23552K), 0 survivors (0K)
 Metaspace       used 2978K, committed 3136K, reserved 221184K
  class space    used 385K, committed 448K, reserved 212992K
}
Event: 5.252 GC heap after
{Heap after GC invocations=1 (full 0):
 garbage-first heap   total 262144K, used 9300K [0x00000000e0000000, 0x0000000100000000)
  region size 1024K, 3 young (3072K), 3 survivors (3072K)
 Metaspace       used 2978K, committed 3136K, reserved 221184K
  class space    used 385K, committed 448K, reserved 212992K
}
Event: 7.737 GC heap before
{Heap before GC invocations=1 (full 0):
 garbage-first heap   total 262144K, used 36948K [0x00000000e0000000, 0x0000000100000000)
  region size 1024K, 30 young (30720K), 3 survivors (3072K)
 Metaspace       used 3876K, committed 4096K, reserved 221184K
  class space    used 479K, committed 576K, reserved 212992K
}
Event: 7.740 GC heap after
{Heap after GC invocations=2 (full 0):
 garbage-first heap   total 262144K, used 12505K [0x00000000e0000000, 0x0000000100000000)
  region size 1024K, 2 young (2048K), 2 survivors (2048K)
 Metaspace       used 3876K, committed 4096K, reserved 221184K
  class space    used 479K, committed 576K, reserved 212992K
}
Event: 31.947 GC heap before
{Heap before GC invocations=2 (full 0):
 garbage-first heap   total 262144K, used 145625K [0x00000000e0000000, 0x0000000100000000)
  region size 1024K, 115 young (117760K), 2 survivors (2048K)
 Metaspace       used 21182K, committed 21504K, reserved 237568K
  class space    used 3157K, committed 3328K, reserved 212992K
}
Event: 31.957 GC heap after
{Heap after GC invocations=3 (full 0):
 garbage-first heap   total 262144K, used 44753K [0x00000000e0000000, 0x0000000100000000)
  region size 1024K, 16 young (16384K), 16 survivors (16384K)
 Metaspace       used 21182K, committed 21504K, reserved 237568K
  class space    used 3157K, committed 3328K, reserved 212992K
}
Event: 57.153 GC heap before
{Heap before GC invocations=4 (full 0):
 garbage-first heap   total 262144K, used 173777K [0x00000000e0000000, 0x0000000100000000)
  region size 1024K, 128 young (131072K), 16 survivors (16384K)
 Metaspace       used 35593K, committed 35968K, reserved 245760K
  class space    used 4937K, committed 5120K, reserved 212992K
}
Event: 57.166 GC heap after
{Heap after GC invocations=5 (full 0):
 garbage-first heap   total 262144K, used 69698K [0x00000000e0000000, 0x0000000100000000)
  region size 1024K, 13 young (13312K), 13 survivors (13312K)
 Metaspace       used 35593K, committed 35968K, reserved 245760K
  class space    used 4937K, committed 5120K, reserved 212992K
}
Event: 69.423 GC heap before
{Heap before GC invocations=6 (full 0):
 garbage-first heap   total 262144K, used 211010K [0x00000000e0000000, 0x0000000100000000)
  region size 1024K, 127 young (130048K), 13 survivors (13312K)
 Metaspace       used 46983K, committed 47616K, reserved 253952K
  class space    used 6572K, committed 6848K, reserved 212992K
}
Event: 69.433 GC heap after
{Heap after GC invocations=7 (full 0):
 garbage-first heap   total 262144K, used 106496K [0x00000000e0000000, 0x0000000100000000)
  region size 1024K, 13 young (13312K), 13 survivors (13312K)
 Metaspace       used 46983K, committed 47616K, reserved 253952K
  class space    used 6572K, committed 6848K, reserved 212992K
}

